[10:20:28] [User Authenticator #9/INFO]: UUID of player Jaiily is e454fc13-f6a4-4eef-8e01-46e761062c7c
[10:20:32] [Server thread/INFO]: Jaiily[/[2001:9e8:45a6:6500:6029:bd95:8b4f:c06f]:55974] logged in with entity id 55049 at (-45.30000001192093, 69.0, 56.69999998807907)
[10:20:32] [Server thread/INFO]: Jaiily joined the game
[10:23:04] [Server thread/INFO]: Jaiily was slain by Zombie
[10:24:12] [Server thread/INFO]: Jaiily has made the advancement [Isn't It Iron Pick]
[10:29:29] [Server thread/INFO]: Jaiily has made the advancement [Diamonds!]
[10:31:01] [Server thread/WARN]: Oak Boat (vehicle of Jaiily) moved wrongly! 0.5348262539714597
[10:33:00] [Server thread/INFO]: Jaiily has made the advancement [Suit Up]
[11:11:39] [Server thread/INFO]: Jaiily has made the advancement [Not Today, Thank You]
[11:26:53] [Server thread/INFO]: Jaiily was shot by Skeleton
[11:42:18] [Server thread/INFO]: Jaiily lost connection: Disconnected
[11:42:18] [Server thread/INFO]: Jaiily left the game
[11:43:18] [Server thread/INFO]: Server empty for 60 seconds, pausing
[11:43:21] [User Authenticator #10/INFO]: UUID of player Jaiily is e454fc13-f6a4-4eef-8e01-46e761062c7c
[11:43:25] [Server thread/INFO]: Jaiily[/[2001:9e8:45a6:6500:6029:bd95:8b4f:c06f]:57939] logged in with entity id 90760 at (466.69999998807907, -52.0, -1304.8493599898854)
[11:43:25] [Server thread/INFO]: Jaiily joined the game
[12:03:54] [Server thread/INFO]: Jaiily lost connection: Disconnected
[12:03:54] [Server thread/INFO]: Jaiily left the game
[12:04:54] [Server thread/INFO]: Server empty for 60 seconds, pausing
[14:08:40] [User Authenticator #11/INFO]: UUID of player Jaiily is e454fc13-f6a4-4eef-8e01-46e761062c7c
[14:08:44] [Server thread/INFO]: Jaiily[/[2001:9e8:45a6:6500:6029:bd95:8b4f:c06f]:53459] logged in with entity id 94770 at (1016.4642326027058, 68.0, -1624.699999988079)
[14:08:44] [Server thread/INFO]: Jaiily joined the game
[14:36:00] [Server thread/INFO]: Jaiily has made the advancement [Those Were the Days]
[14:37:36] [Server thread/INFO]: Jaiily has made the advancement [War Pigs]
[14:37:39] [Server thread/INFO]: Jaiily has made the advancement [Hidden in the Depths]
[14:51:43] [Server thread/INFO]: Jaiily has completed the challenge [Return to Sender]
[14:58:35] [Server thread/INFO]: Jaiily lost connection: Disconnected
[14:58:35] [Server thread/INFO]: Jaiily left the game
[14:59:35] [Server thread/INFO]: Server empty for 60 seconds, pausing
[16:02:26] [User Authenticator #12/INFO]: UUID of player Jaiily is e454fc13-f6a4-4eef-8e01-46e761062c7c
[16:02:30] [Server thread/INFO]: Jaiily[/[2001:9e8:45a6:6500:6029:bd95:8b4f:c06f]:54494] logged in with entity id 105765 at (638.3885298547997, 68.0, -2014.13910491189)
[16:02:30] [Server thread/INFO]: Jaiily joined the game
[16:22:57] [Server thread/INFO]: Jaiily was slain by Piglin Brute
[17:39:29] [Server thread/INFO]: Villager dcx['Villager'/145889, l='ServerLevel[world]', x=-792.30, y=63.00, z=184.47] died, message: 'Villager was slain by Zombie'
[17:39:36] [Server thread/INFO]: Villager dcx['Villager'/145890, l='ServerLevel[world]', x=-792.30, y=63.00, z=184.70] died, message: 'Villager was slain by Zombie Villager'
[17:39:36] [Server thread/INFO]: Villager dcx['Villager'/145888, l='ServerLevel[world]', x=-795.70, y=63.00, z=184.30] died, message: 'Villager was slain by Zombie'
[17:39:42] [Server thread/INFO]: Villager dcx['Villager'/145887, l='ServerLevel[world]', x=-792.51, y=63.00, z=184.70] died, message: 'Villager was slain by Zombie'
[18:00:03] [Server thread/INFO]: Villager dcx['Mason'/159437, l='ServerLevel[world]', x=1091.67, y=63.94, z=-1650.51] died, message: 'Mason tried to swim in lava'
[18:08:45] [Server thread/INFO]: Villager dcx['Villager'/145795, l='ServerLevel[world]', x=1099.70, y=64.00, z=-1655.70] died, message: 'Villager was slain by Zombie'
[18:08:52] [Server thread/INFO]: Villager dcx['Farmer'/159436, l='ServerLevel[world]', x=1099.50, y=64.00, z=-1655.70] died, message: 'Farmer was slain by Zombie'
[18:11:47] [Server thread/INFO]: Jaiily has made the advancement [The Parrots and the Bats]
[19:41:00] [Server thread/INFO]: Jaiily has made the advancement [A Terrible Fortress]
[19:43:12] [Server thread/INFO]: Jaiily has made the advancement [Into Fire]
[21:48:51] [Server thread/INFO]: Jaiily lost connection: Disconnected
[21:48:51] [Server thread/INFO]: Jaiily left the game
[21:49:51] [Server thread/INFO]: Server empty for 60 seconds, pausing
[22:26:59] [User Authenticator #13/INFO]: UUID of player D3rFisch is 94a575ef-062b-4a58-b7bc-3c88059283f6
[22:27:01] [Server thread/INFO]: D3rFisch[/192.168.178.20:63239] logged in with entity id 239066 at (909.6685378288547, 70.875, 687.3016057765153)
[22:27:01] [Server thread/INFO]: D3rFisch joined the game
[23:18:54] [Server thread/INFO]: D3rFisch lost connection: Disconnected
[23:18:54] [Server thread/INFO]: D3rFisch left the game
[23:19:54] [Server thread/INFO]: Server empty for 60 seconds, pausing
